<?xml version="1.0" encoding="UTF-8"?>
<testsuite xmlns:xsi="http://www.w3.org/2001/XMLSchema-instance" xsi:noNamespaceSchemaLocation="https://maven.apache.org/surefire/maven-surefire-plugin/xsd/surefire-test-report-3.0.xsd" version="3.0" name="cucumber.Options.TestRunner" time="17.01" tests="4" errors="0" skipped="0" failures="0">
  <properties>
[...]
</properties>
  <testcase name="Verify if place is being successfully added using AppPlaceAPI #1" classname="Validating Place APIs" time="6.431">
    <system-out><![CDATA[Request method:	POST
Request URI:	https://rahulshettyacademy.com/maps/api/place/add/json?key=qaclick123
Proxy:			<none>
Request params:	<none>
Query params:	key=qaclick123
Form params:	<none>
Path params:	<none>
Headers:		Accept=*/*
				Content-Type=application/json
Cookies:		<none>
Multiparts:		<none>
Body:
{
    "location": {
        "lat": -38.383494,
        "lng": 33.427362
    },
    "accuracy": 50,
    "name": "AAhouse",
    "address": "World cross center",
    "types": [
        "shoe park",
        "shop"
    ],
    "website": "http://google.com",
    "language": "English",
    "phone_number": "(+91) 983 893 3937"
}
HTTP/1.1 200 OK
Date: Fri, 13 Feb 2026 19:04:32 GMT
Server: Apache/2.4.52 (Ubuntu)
Strict-Transport-Security: max-age=604800; includeSubDomains
Access-Control-Allow-Origin: *
Access-Control-Allow-Methods: POST
Access-Control-Max-Age: 3600
Access-Control-Allow-Headers: Content-Type, Access-Control-Allow-Headers, Authorization, X-Requested-With
Content-Length: 194
Keep-Alive: timeout=5, max=100
Connection: Keep-Alive
Content-Type: application/json;charset=UTF-8

{
    "status": "OK",
    "place_id": "a053dd8f1cca8d18dcf3b8ce0b678ec8",
    "scope": "APP",
    "reference": "9ddc1e0a1ec917fa3e9e9f3bcab7fd749ddc1e0a1ec917fa3e9e9f3bcab7fd74",
    "id": "9ddc1e0a1ec917fa3e9e9f3bcab7fd74"
}
Request method:	GET
Request URI:	https://rahulshettyacademy.com/maps/api/place/get/json?key=qaclick123&place_id=a053dd8f1cca8d18dcf3b8ce0b678ec8
Proxy:			<none>
Request params:	<none>
Query params:	key=qaclick123
				place_id=a053dd8f1cca8d18dcf3b8ce0b678ec8
Form params:	<none>
Path params:	<none>
Headers:		Accept=*/*
				Content-Type=application/json
Cookies:		<none>
Multiparts:		<none>
Body:			<none>
HTTP/1.1 200 OK
Date: Fri, 13 Feb 2026 19:04:34 GMT
Server: Apache/2.4.52 (Ubuntu)
Strict-Transport-Security: max-age=604800; includeSubDomains
Access-Control-Allow-Origin: *
Access-Control-Allow-Methods: POST
Access-Control-Max-Age: 3600
Access-Control-Allow-Headers: Content-Type, Access-Control-Allow-Headers, Authorization, X-Requested-With
Content-Length: 240
Keep-Alive: timeout=5, max=100
Connection: Keep-Alive
Content-Type: application/json;charset=UTF-8

{
    "location": {
        "latitude": "-38.383494",
        "longitude": "33.427362"
    },
    "accuracy": "50",
    "name": "AAhouse",
    "phone_number": "(+91) 983 893 3937",
    "address": "World cross center",
    "types": "shoe park,shop",
    "website": "http://google.com",
    "language": "English"
}
]]></system-out>
  </testcase>
  <testcase name="Verify if place is being successfully added using AppPlaceAPI #2" classname="Validating Place APIs" time="4.444">
    <system-out><![CDATA[Request method:	POST
Request URI:	https://rahulshettyacademy.com/maps/api/place/add/json?key=qaclick123
Proxy:			<none>
Request params:	<none>
Query params:	key=qaclick123
Form params:	<none>
Path params:	<none>
Headers:		Accept=*/*
				Content-Type=application/json
Cookies:		<none>
Multiparts:		<none>
Body:
{
    "location": {
        "lat": -38.383494,
        "lng": 33.427362
    },
    "accuracy": 50,
    "name": "BBHouse",
    "address": "Seaport Harbor",
    "types": [
        "shoe park",
        "shop"
    ],
    "website": "http://google.com",
    "language": "French",
    "phone_number": "(+91) 983 893 3937"
}
HTTP/1.1 200 OK
Date: Fri, 13 Feb 2026 19:04:37 GMT
Server: Apache/2.4.52 (Ubuntu)
Strict-Transport-Security: max-age=604800; includeSubDomains
Access-Control-Allow-Origin: *
Access-Control-Allow-Methods: POST
Access-Control-Max-Age: 3600
Access-Control-Allow-Headers: Content-Type, Access-Control-Allow-Headers, Authorization, X-Requested-With
Content-Length: 194
Keep-Alive: timeout=5, max=100
Connection: Keep-Alive
Content-Type: application/json;charset=UTF-8

{
    "status": "OK",
    "place_id": "03c6ddbc0e82aa908fb480eafcb7c867",
    "scope": "APP",
    "reference": "8e61d030f730d402fa81d6f7033f69398e61d030f730d402fa81d6f7033f6939",
    "id": "8e61d030f730d402fa81d6f7033f6939"
}
Request method:	GET
Request URI:	https://rahulshettyacademy.com/maps/api/place/get/json?key=qaclick123&place_id=03c6ddbc0e82aa908fb480eafcb7c867
Proxy:			<none>
Request params:	<none>
Query params:	key=qaclick123
				place_id=03c6ddbc0e82aa908fb480eafcb7c867
Form params:	<none>
Path params:	<none>
Headers:		Accept=*/*
				Content-Type=application/json
Cookies:		<none>
Multiparts:		<none>
Body:			<none>
HTTP/1.1 200 OK
Date: Fri, 13 Feb 2026 19:04:38 GMT
Server: Apache/2.4.52 (Ubuntu)
Strict-Transport-Security: max-age=604800; includeSubDomains
Access-Control-Allow-Origin: *
Access-Control-Allow-Methods: POST
Access-Control-Max-Age: 3600
Access-Control-Allow-Headers: Content-Type, Access-Control-Allow-Headers, Authorization, X-Requested-With
Content-Length: 235
Keep-Alive: timeout=5, max=100
Connection: Keep-Alive
Content-Type: application/json;charset=UTF-8

{
    "location": {
        "latitude": "-38.383494",
        "longitude": "33.427362"
    },
    "accuracy": "50",
    "name": "BBHouse",
    "phone_number": "(+91) 983 893 3937",
    "address": "Seaport Harbor",
    "types": "shoe park,shop",
    "website": "http://google.com",
    "language": "French"
}
]]></system-out>
  </testcase>
  <testcase name="Verify if delete place functionality is working" classname="Validating Place APIs" time="3.467">
    <system-out><![CDATA[Request method:	POST
Request URI:	https://rahulshettyacademy.com/maps/api/place/delete/json?key=qaclick123
Proxy:			<none>
Request params:	<none>
Query params:	key=qaclick123
Form params:	<none>
Path params:	<none>
Headers:		Accept=*/*
				Content-Type=application/json
Cookies:		<none>
Multiparts:		<none>
Body:
{
    "place_id": "03c6ddbc0e82aa908fb480eafcb7c867"
}
HTTP/1.1 200 OK
Date: Fri, 13 Feb 2026 19:04:41 GMT
Server: Apache/2.4.52 (Ubuntu)
Strict-Transport-Security: max-age=604800; includeSubDomains
Access-Control-Allow-Origin: *
Access-Control-Allow-Methods: POST
Access-Control-Max-Age: 3600
Access-Control-Allow-Headers: Content-Type, Access-Control-Allow-Headers, Authorization, X-Requested-With
Content-Length: 15
Keep-Alive: timeout=5, max=100
Connection: Keep-Alive
Content-Type: application/json;charset=UTF-8

{
    "status": "OK"
}
]]></system-out>
  </testcase>
  <testcase name="Call OAuth protected API" classname="Validating Place APIs" time="2.091">
    <system-out><![CDATA[Request method:	POST
Request URI:	https://rahulshettyacademy.com/oauthapi/oauth2/resourceOwner/token
Proxy:			<none>
Request params:	<none>
Query params:	<none>
Form params:	client_id=692183103107-p0m7ent2hk7suguv4vq22hjcfhcr43pj.apps.googleusercontent.com
				client_secret=erZOWM9g3UtwNRj340YYaK_W
				grant_type=client_credentials
				scope=trust
Path params:	<none>
Headers:		Accept=*/*
				Content-Type=application/x-www-form-urlencoded; charset=ISO-8859-1
Cookies:		<none>
Multiparts:		<none>
Body:			<none>
HTTP/1.1 200 OK
Date: Fri, 13 Feb 2026 19:04:44 GMT
Server: Apache/2.4.52 (Ubuntu)
Strict-Transport-Security: max-age=604800; includeSubDomains
Content-Length: 144
Keep-Alive: timeout=5, max=100
Connection: Keep-Alive
Content-Type: application/json

{
    "access_token": "pXUI+RWraG5+jh3588B5Lg==",
    "token_type": "Bearer",
    "expires_in": 3600,
    "refresh_token": "Wt2AXm3GKobpOT/UkMD0jw==",
    "scope": "create"
}
access_token is pXUI+RWraG5+jh3588B5Lg==
Request method:	GET
Request URI:	https://rahulshettyacademy.com/oauthapi/getCourseDetails?access_token=pXUI%2BRWraG5%2Bjh3588B5Lg%3D%3D
Proxy:			<none>
Request params:	<none>
Query params:	<none>
Form params:	<none>
Path params:	accessToken=pXUI+RWraG5+jh3588B5Lg==
Headers:		Accept=*/*
Cookies:		<none>
Multiparts:		<none>
Body:			<none>
HTTP/1.1 401 Unauthorized
Date: Fri, 13 Feb 2026 19:04:46 GMT
Server: Apache/2.4.52 (Ubuntu)
Strict-Transport-Security: max-age=604800; includeSubDomains
Content-Length: 555
Keep-Alive: timeout=5, max=100
Connection: Keep-Alive
Content-Type: application/json

{
    "instructor": "RahulShetty",
    "url": "rahulshettycademy.com",
    "services": "projectSupport",
    "expertise": "Automation",
    "courses": {
        "webAutomation": [
            {
                "courseTitle": "Selenium Webdriver Java",
                "price": "50"
            },
            {
                "courseTitle": "Cypress",
                "price": "40"
            },
            {
                "courseTitle": "Protractor",
                "price": "40"
            }
        ],
        "api": [
            {
                "courseTitle": "Rest Assured Automation using Java",
                "price": "50"
            },
            {
                "courseTitle": "SoapUI Webservices testing",
                "price": "40"
            }
        ],
        "mobile": [
            {
                "courseTitle": "Appium-Mobile Automation using Java",
                "price": "50"
            }
        ]
    },
    "linkedIn": "https://www.linkedin.com/in/rahul-shetty-trainer/"
}
Course instructor is RahulShetty
price of SoapUI is 40
[Selenium Webdriver Java, Cypress, Protractor]
]]></system-out>
  </testcase>
</testsuite>